<?xml version="1.0" encoding="UTF-8"?>
<!-- Generated by org.testng.reporters.JUnitReportReporter -->
<testsuite hostname="PSNY9ZH3Z139" failures="0" tests="3" name="testCases.RegistrationTest" time="30.449" errors="0" timestamp="2023-11-30T09:01:43 CST" skipped="0">
  <testcase classname="testCases.RegistrationTest" name="createAccountWeakPassword" time="18.017"/>
  <system-out/>
  <testcase classname="testCases.RegistrationTest" name="createAccounWithValidPass" time="7.661"/>
  <system-out/>
  <testcase classname="testCases.RegistrationTest" name="createAccounWithExistingUserName" time="4.771"/>
  <system-out/>
</testsuite> <!-- testCases.RegistrationTest -->
