<?xml version="1.0" encoding="UTF-8"?>
<!-- Generated by org.testng.reporters.JUnitReportReporter -->
<testsuite hostname="PSNY9ZH3Z139" failures="0" tests="2" name="testCases.HomePageTest" time="13.650" errors="0" timestamp="2023-11-30T23:20:56 CST" skipped="0">
  <testcase classname="testCases.HomePageTest" name="HomePageProducts" time="8.772"/>
  <system-out/>
  <testcase classname="testCases.HomePageTest" name="HomePageMenu" time="4.878"/>
  <system-out/>
</testsuite> <!-- testCases.HomePageTest -->
