<?xml version="1.0" encoding="UTF-8"?>
<!-- Generated by org.testng.reporters.JUnitReportReporter -->
<testsuite hostname="PSNY9ZH3Z139" failures="0" tests="2" name="testCases.ProductCheckoutShoppingCartTest" time="64.558" errors="0" timestamp="2023-12-01T08:45:23 CST" skipped="0">
  <testcase classname="testCases.ProductCheckoutShoppingCartTest" name="VerifyProductCartPage" time="39.918"/>
  <system-out/>
  <testcase classname="testCases.ProductCheckoutShoppingCartTest" name="CheckoutProductInCart" time="24.640"/>
  <system-out/>
</testsuite> <!-- testCases.ProductCheckoutShoppingCartTest -->
