<?xml version="1.0" encoding="UTF-8"?>
<!-- Generated by org.testng.reporters.JUnitReportReporter -->
<testsuite hostname="PSNY9ZH3Z139" failures="0" tests="1" name="testCases.LoginRegisteredUserTest" time="11.641" errors="0" timestamp="2023-12-01T16:03:55 CST" skipped="0">
  <testcase classname="testCases.LoginRegisteredUserTest" name="LoginRegisteredUser" time="11.641"/>
  <system-out/>
</testsuite> <!-- testCases.LoginRegisteredUserTest -->
