<?xml version="1.0" encoding="UTF-8"?>
<!-- Generated by org.testng.reporters.JUnitReportReporter -->
<testsuite hostname="PSNY9ZH3Z139" failures="0" tests="2" name="testCases.SearchProductsHomePageTest" time="12.941" errors="0" timestamp="2023-11-30T23:49:55 CST" skipped="0">
  <testcase classname="testCases.SearchProductsHomePageTest" name="Search" time="7.893"/>
  <system-out/>
  <testcase classname="testCases.SearchProductsHomePageTest" name="SearchNull" time="5.048"/>
  <system-out/>
</testsuite> <!-- testCases.SearchProductsHomePageTest -->
