<?xml version="1.0" encoding="UTF-8"?>
<!-- Generated by org.testng.reporters.JUnitReportReporter -->
<testsuite hostname="PSNY9ZH3Z139" failures="0" tests="5" name="testCases.ProductAddtoCartTest" time="64.597" errors="0" timestamp="2023-11-30T15:03:19 CST" skipped="0">
  <testcase classname="testCases.ProductAddtoCartTest" name="ProductPrice" time="23.448"/>
  <system-out/>
  <testcase classname="testCases.ProductAddtoCartTest" name="ProductQuantityChange" time="7.398"/>
  <system-out/>
  <testcase classname="testCases.ProductAddtoCartTest" name="VerifyProductCartPage" time="15.548"/>
  <system-out/>
  <testcase classname="testCases.ProductAddtoCartTest" name="ViewCartPage" time="8.711"/>
  <system-out/>
  <testcase classname="testCases.ProductAddtoCartTest" name="RemoveProduct" time="9.492"/>
  <system-out/>
</testsuite> <!-- testCases.ProductAddtoCartTest -->
